=~=~=~=~=~=~=~=~=~=~=~= PuTTY log 2011.08.21 12:25:39 =~=~=~=~=~=~=~=~=~=~=~=
[PAM:   ] ++FSR_PAM_Init
[PAM:   ]   OneNAND physical base address       : 0xb0000000
[PAM:   ]   OneNAND virtual  base address       : 0xb0000000
[PAM:   ]   FSR_PAM_InitNANDController Success!! 
[PAM:   ] --FSR_PAM_Init
bl3_info_block 1 age = 7
bl3_info_block 2 age = 8
BL3_2 Loading 
+-------------------------------+
| Bootloader Shadowing FINISHED |
+-------------------------------+
Launch Image at 0x42080000


[BOOT_V1.0  (Aug  8 2011, 15:16:31)] 
SelectBootingMode: H/W...0xe.
[BOOT] ARMCLK: 400000 KHz, MSYSHCLK 200000 KHz,MSYSPCLK: 100000 KHz,                            [BOOT] DSYSHCLK 166750 KHz,DSYSPCLK: 83375 KHz,PSYSHCLK: 133400 KHz, PSYSPCLK: 66700 KHz,SYSCON_A2M: 200000 KHz  

+++FIMD_Drv_INITIALIZE
FIMD_Drv_ChangeMode: MDNIE_MODE
Frame Rate:62SCLK_FIMD:133400 kHz ClkDiv:4
S6E63M0 : LDI_Pentile_Set_Change Pentile_Value =6c 
---FIMD_Drv_INITIALIZE
---FIMD_Drv_SetWinOnOff(WIN4:1)
LCD initialize Finished

Flash_Unlock failed
Poweron status - 70
FSA9480 0x03 Register = 1
FSA9480 0x0A Register = 0
FSA9480 0x0B Register = 8
FSA9480 0x07 Register = 1c
SelectBootingMode: Boot Mode = 1...
Display_LSI_Boot : disp_Main_Clean 
Display_LSI_Boot : disp_Main_Clean_All 
Display_LSI_Boot : disp_dimming_backlight 
Display_LSI_Boot : disp_Normal_Init 
 DRV_modem_reset!!!!!!!!!!!!!!!!!  
 DRV_Send_DBL!!!!!!!!!!!!!!!!!  

[DLOAD] Download Completed !!!
DRV_Wait_ModemInit!!!!!!!!!!!!!!!!!  
DRV_CopyQSCBootBinary!!!!!!!!!!!!!!!!!  
DRV_Send_BootBinaryCopyComplete!!!!!!!!!!!!!!!!!  
DRV_Modem_BootingStart retry count = 0.


AST_POWERON


get_usb_sw_nv 0x40000
USBSwitch : AP 
get_uart_sw_nv 0x40000
UARTSwitch : AP  