=~=~=~=~=~=~=~=~=~=~=~= PuTTY log 2011.11.12 18:42:53 =~=~=~=~=~=~=~=~=~=~=~=
[PAM:   ] ++FSR_PAM_Init
[PAM:   ]   OneNAND physical base address       : 0xb0000000
[PAM:   ]   OneNAND virtual  base address       : 0xb0000000
[PAM:   ]   FSR_PAM_InitNANDController Success!! 
[PAM:   ] --FSR_PAM_Init
bl3_info_block 1 age = 19
bl3_info_block 2 age = 18
BL3_1 Loading 
+-------------------------------+
| Bootloader Shadowing FINISHED |
+-------------------------------+
Launch Image at 0x42080000


[BOOT_V1.0  (Oct  5 2011, 20:36:03)] 
SelectBootingMode: H/W...0xe.
[BOOT] ARMCLK: 400000 KHz, MSYSHCLK 200000 KHz,MSYSPCLK: 100000 KHz,                            [BOOT] DSYSHCLK 166750 KHz,DSYSPCLK: 83375 KHz,PSYSHCLK: 133400 KHz, PSYSPCLK: 66700 KHz,SYSCON_A2M: 200000 KHz  

+++FIMD_Drv_INITIALIZE
FIMD_Drv_ChangeMode: MDNIE_MODE
Frame Rate:62SCLK_FIMD:133400 kHz ClkDiv:4
S6E63M0 : LDI_Pentile_Set_Change Pentile_Value =6c 
---FIMD_Drv_INITIALIZE
---FIMD_Drv_SetWinOnOff(WIN4:1)
LCD initialize Finished

Flash_Unlock failed
Poweron status - 20
FSA9480 0x03 Register = 1
FSA9480 0x0A Register = 0
FSA9480 0x0B Register = 8
FSA9480 0x07 Register = 1c
BootDownLoadKeyCheck: Enter Download mode
SelectBootingMode: Boot Mode = 10...
charging disable
Display_LSI_Boot : disp_Main_Clean 
Display_LSI_Boot : disp_Main_Clean_All 
Display_LSI_Boot : disp_Main_Dload_Update 
Display_LSI_Boot : disp_Main_Dload_Message 
Display_LSI_Boot : disp_Main_Dload_Update 
Display_LSI_Boot : disp_Main_Dload_Message 
Display_LSI_Boot : disp_Main_Dload_Update 
Display_LSI_Boot : disp_Main_Dload_Message 
Display_LSI_Boot : disp_dimming_backlight 
Display_LSI_Boot : disp_Dload_Init 


AST_DOWNLOAD



-----------------------------------------------------
       USB BOOT Downloader for s5pc100         
      Copyright (c) 2005 by SAMSUNG Electronic, Inc.    
                   V1.0 (Oct  5 2011, 20:36:03) 
-----------------------------------------------------

