=~=~=~=~=~=~=~=~=~=~=~= PuTTY log 2011.05.14 00:58:11 =~=~=~=~=~=~=~=~=~=~=~=
[PAM:   ] ++FSR_PAM_Init
[PAM:   ]   OneNAND physical base address       : 0xb0000000
[PAM:   ]   OneNAND virtual  base address       : 0xb0000000
[PAM:   ]   FSR_PAM_InitNANDController Success!! 
[PAM:   ] --FSR_PAM_Init
[BM :   ]   FSR_BML_GetFullPartI() is completed
[BM :   ]   stPartI.nNumOfPartEntry : 7
[BM :   ]   1th PartEntrt(nAttr:0x1002)(nID:0x0)
[BM :   ]   [1th] pPEntry->n1stVun     : 1
[BM :   ]   [1th] pPEntry->nNumOfUnits : 7
[BM :   ]   [1th] pPEntry->nLoadAddr   : 0xffffffff
+-------------------------------+
| Bootloader Shadowing FINISHED |
+-------------------------------+
Launch Image at 0x42480000

[BOOT_V1.0  (May 28 2010, 21:22:23)] 
SelectBootingMode: H/W...0xe.
[BOOT] ARMCLK: 400000 KHz, MSYSHCLK 200000 KHz,MSYSPCLK: 100000 KHz,                            [BOOT] DSYSHCLK 166750 KHz,DSYSPCLK: 83375 KHz,PSYSHCLK: 133400 KHz, PSYSPCLK: 66700 KHz,SYSCON_A2M: 200000 KHz  
+++FIMD_Drv_INITIALIZE
FIMD_Drv_ChangeMode: MDNIE_MODE
Frame Rate:62SCLK_FIMD:133400 kHz ClkDiv:4
S6E63M0 : LDI_Pentile_Set_Change Pentile_Value =6c 
---FIMD_Drv_INITIALIZE
---FIMD_Drv_SetWinOnOff(WIN4:1)
LCD initialize Finished
Flash_Unlock failed
Poweron status - 20
FSA9480 0x03 Register = 1
FSA9480 0x0A Register = 0
FSA9480 0x0B Register = 8
FSA9480 0x07 Register = 1c
SelectBootingMode: Boot Mode = 1...
 UART OUTPUT ENABLED
 patching BL3 moviNAND functions
 done!
+SDHC_Open(Ch2)
univ_SD_MEM_PowerOnDevice() : Power On

+++++++++++++++ univ_SD_MEM_PowerOnDevice(ch2) : LDO5 Power On
[SDHC] MPLL source clock from SYSCON : 667000000Hz
[SDHC] SDHC(ch2) source clock from SYSCON : 47642000Hz
[SDHC] SDHC(ch2) Operating Clock : 372203Hz
IsValidSDSPEC20Card() : u32VHS = 0x1
Host Controller's Voltage Window Mask = 0x40300000
Response of CMD41 : 0xFF8000
GetSDCardOperationVoltageRange() : Voltage Windows = 0x100000
Operating Voltage = 0x100000
IsValidSDSPEC20Card() : u32VHS = 0x1
[SDHC] Ver2.00 or later High Capacity SD Memory Card
SD_MEM_Phy_CMD2(ch2) : CID(127~0) : 0x35344, 0x53553136, 0x4780b01b, 0xfcda00ac
[SDHC] =>  RCA=0xe624
----------------CSD Version 2.0-----in low level ----------------
channel: [2]
One Block Size: [512]Byte
Total card Block Count = [31116288]
Total card Capacity Size  = [15193]MB
---------------------------------------------------
This Media support high speed mode.
SDHC controller will be setting high speed mode.
SD_MEM_Phy_TransferState(ch2) :High: Tx : SD_FeedBackClock_BasicDelay
SD_MEM_Phy_TransferState(ch2) :High: Rx : SD_FeedBackClock_InverterDelay
[SDHC] MPLL source clock from SYSCON : 667000000Hz
[SDHC] SDHC(ch2) source clock from SYSCON : 47642000Hz
[SDHC] SDHC(ch2) Operating Clock : 47642000Hz
SD_HostCtrl_IssueCommand[ch2] not SDclk off, cmd13, SD_CLK_CTRL:0xf
-SDHC_Open(Ch2)
